[debug] [2022-07-30T06:15:05.400Z] ----------------------------------------------------------------------
[debug] [2022-07-30T06:15:05.403Z] Command:       C:\Program Files\nodejs\node.exe C:\Users\user\AppData\Roaming\npm\node_modules\firebase-tools\lib\bin\firebase.js init
[debug] [2022-07-30T06:15:05.404Z] CLI Version:   11.4.0
[debug] [2022-07-30T06:15:05.404Z] Platform:      win32
[debug] [2022-07-30T06:15:05.404Z] Node Version:  v14.18.0
[debug] [2022-07-30T06:15:05.405Z] Time:          Sat Jul 30 2022 12:15:05 GMT+0600 (Bangladesh Standard Time)
[debug] [2022-07-30T06:15:05.405Z] ----------------------------------------------------------------------
[debug] 
[debug] [2022-07-30T06:15:05.499Z] > command requires scopes: ["email","openid","https://www.googleapis.com/auth/cloudplatformprojects.readonly","https://www.googleapis.com/auth/firebase","https://www.googleapis.com/auth/cloud-platform"]
[debug] [2022-07-30T06:15:05.499Z] > authorizing via signed-in user (istiakahmed11085@gmail.com)
[info] 
     ######## #### ########  ######## ########     ###     ######  ########
     ##        ##  ##     ## ##       ##     ##  ##   ##  ##       ##
     ######    ##  ########  ######   ########  #########  ######  ######
     ##        ##  ##    ##  ##       ##     ## ##     ##       ## ##
     ##       #### ##     ## ######## ########  ##     ##  ######  ########

You're about to initialize a Firebase project in this directory:

  E:\Summer 9 Semester\Software Devolopment Lab III\gitProject\ema-jhon

Before we get started, keep in mind:

  * You are initializing within an existing Firebase project directory

